<?xml version="1.0" encoding="UTF-8"?>
<manifest xmlns:xsi="http://www.w3.org/2001/XMLSchema-instance"
          xsi:noNamespaceSchemaLocation="https://raw.githubusercontent.com/shopware/platform/trunk/src/Core/Framework/App/Manifest/Schema/manifest-1.0.xsd">
    <meta>
        <name>test</name>
        <label>Swag App Test</label>
        <label lang="de-DE">Swag App Test</label>
        <description>Test for App System</description>
        <description lang="de-DE">Test für das App System</description>
        <author>shopware AG</author>
        <copyright>(c) by shopware AG</copyright>
        <version>1.0.0</version>
        <icon>icon.png</icon>
        <license>MIT</license>
        <privacy>https://test.com/privacy</privacy>
        <privacyPolicyExtensions>
Following personal information will be processed on shopware AG's servers:

- Name
- Billing address
- Order value
        </privacyPolicyExtensions>
        <privacyPolicyExtensions lang="de-DE">
Folgende Nutzerdaten werden auf Servern der shopware AG verarbeitet:

- Name
- Rechnungsadresse
- Bestellwert
        </privacyPolicyExtensions>
    </meta>
    <setup>
        <registrationUrl>https://my.app.com/test/registration</registrationUrl>
        <secret>s3cr3t</secret>
    </setup>
    <admin>
        <action-button
            action="viewOrder"
            entity="order"
            view="detail"
            url="https://swag-test.com/your-order">
            <label>View Order</label>
            <label lang="de-DE">Zeige Bestellung</label>
        </action-button>
        <action-button
            action="doStuffWithProducts"
            entity="product"
            view="list"
            url="https://swag-test.com/do-stuff">
            <label>Do Stuff</label>
            <label lang="de-DE">Mache Dinge</label>
        </action-button>
        <module name="first-module" source="https://test.com" parent="sw-test-structure-module" position="10">
            <label>My first own module</label>
            <label lang="de-DE">Mein erstes eigenes Modul</label>
        </module>
        <module name="structure-module" parent="sw-catalogue" position="50">
            <label>My menu entry for modules</label>
            <label lang="de-DE">Mein Menüeintrag für Module</label>
        </module>
        <main-module source="https://main-module"/>
        <base-app-url>https://base-url.com</base-app-url>
    </admin>
    <permissions>
        <create>product</create>
        <update>product</update>
        <delete>product</delete>
        <delete>category</delete>
        <create>product_manufacturer</create>
        <delete>product_manufacturer</delete>
        <create>tax</create>
        <read>language</read>
        <update>custom_field_set</update>
        <read>order</read>
        <permission>user_change_me</permission>
    </permissions>
    <storefront>
        <template-load-priority>100</template-load-priority>
    </storefront>
    <custom-fields>
        <custom-field-set global="true">
            <name>custom_field_test</name>
            <label>Custom field test</label>
            <label lang="de-DE">Zusatzfeld Test</label>
            <related-entities>
                <product/>
                <customer/>
            </related-entities>
            <fields>
                <bool name="bla_test">
                    <label>Test</label>
                </bool>
                <bool name="bla_test2">
                    <label>Test</label>
                    <allow-customer-write>true</allow-customer-write>
                </bool>
            </fields>
        </custom-field-set>
    </custom-fields>
    <webhooks>
        <webhook name="hook1" url="https://test.com/hook" event="checkout.customer.before.login"/>
        <webhook name="hook2" url="https://test.com/hook2" event="checkout.order.placed"/>
    </webhooks>
    <cookies>
        <cookie>
            <snippet-name>Swoogle Analytics</snippet-name>
            <cookie>swag.analytics</cookie>
            <value></value>
            <expiration>30</expiration>
        </cookie>
        <group>
            <snippet-name>App Cookies</snippet-name>
            <snippet-description>Cookies required for this app to work</snippet-description>
            <entries>
                <cookie>
                    <snippet-name>Something</snippet-name>
                    <cookie>swag.app.something</cookie>
                </cookie>
                <cookie>
                    <snippet-name>Lorem ipsum</snippet-name>
                    <cookie>swag.app.lorem-ipsum</cookie>
                </cookie>
            </entries>
        </group>
    </cookies>
    <payments>
        <payment-method>
            <identifier>myMethod</identifier>
            <name>The app payment method</name>
            <name lang="de-DE">Die App Zahlungsmethode</name>
            <description>This is a description</description>
            <description lang="de-DE">Die Zahlungsmethoden-Beschreibung</description>
            <pay-url>https://payment.app/payment/process</pay-url>
            <finalize-url>https://payment.app/payment/finalize</finalize-url>
            <validate-url>https://payment.app/payment/validate</validate-url>
            <capture-url>https://payment.app/payment/capture</capture-url>
            <refund-url>https://payment.app/payment/refund</refund-url>
            <icon>Resources/payment.png</icon>
        </payment-method>
        <payment-method>
            <identifier>anotherMethod</identifier>
            <name>Another app payment method</name>
            <description>This is another description</description>
        </payment-method>
    </payments>
    <rule-conditions>
        <rule-condition>
            <identifier>myCustomCondition</identifier>
            <name>My custom rule condition</name>
            <group>customer</group>
            <script>customer-group-rule-script.twig</script>
            <constraints>
                <single-select name="operator">
                    <label>Operator</label>
                    <placeholder>Choose an operator...</placeholder>
                    <options>
                        <option value="=">
                            <name>Is equal to</name>
                        </option>
                        <option value="!=">
                            <name>Is not equal to</name>
                        </option>
                    </options>
                    <required>true</required>
                </single-select>
                <multi-entity-select name="customerGroupIds">
                    <label>Customer groups</label>
                    <placeholder>Choose customer groups...</placeholder>
                    <entity>customer_group</entity>
                    <required>true</required>
                </multi-entity-select>
            </constraints>
        </rule-condition>
    </rule-conditions>
</manifest>
